start greek data processing -- 2024-11-19 04:23:33.516003
Files found: 1
train: 75500 texts
dev: 9437 texts
test: 9438 texts
full: 94375 texts
Training model
Train greek_rnn_no_dropout model specs: embed_size: 200, hidden_size: 300, proj_size: 150, rnn n layers: 4, share: False, dropout: 0.0
RNN(
  (embed): Embedding(35, 200)
  (scale_up): Linear(in_features=200, out_features=300, bias=True)
  (rnn): LSTM(300, 150, num_layers=4, batch_first=True, bidirectional=True)
  (out): Linear(in_features=300, out_features=200, bias=True)
  (dropout): Dropout(p=0.0, inplace=False)
)
total parameter count = 2,287,000
Mask type: smart - dynamic
Training data read in with 75500 lines
train=75,500 23,000,921 27,413,345 1.2 dev=9,437 2,864,341 3,514,305 1.2 bs=1 lr=0.0003 [200, 300, 150, 4, False, 0.0, 0.15, 35]
0 tr loss   0.0918   0.0770 -- dev loss   0.3183   0.2595 -- incremental_batch_size:    1 time elapsed: 3050.7
dev masked total: 300919, correct predictions: 42695, simple accuracy: 0.142
1 tr loss   0.0858   0.0720 -- dev loss   0.3117   0.2541 -- incremental_batch_size:    1 time elapsed: 6080.0
dev masked total: 300919, correct predictions: 54582, simple accuracy: 0.181
2 tr loss   0.0827   0.0694 -- dev loss   0.3170   0.2584 -- incremental_batch_size:    2 time elapsed: 9090.1
early exit
masked total: 300919, correct predictions: 47039, simple accuracy: 0.156, mismatch: 0
File test.json read in with 9323 texts
67855 reconstructed lacunae read in accross 6183 texts
Test Reconstructed:
masked total: 310580, correct predictions: 48077, simple accuracy: 0.155, mismatch: 0
Most Common Char Baseline; dev masked total: 310580, correct predictions: 38610, baseline accuracy: 0.124
Random Baseline; dev masked total: 310580, correct predictions: 7246, baseline accuracy: 0.023
Trigram Baseline; dev masked total: 310580, correct predictions: 29419, baseline accuracy: 0.095
end generator -- 2024-11-19 07:04:31.454389

