start greek data processing -- 2024-11-19 21:30:50.096268
Files found: 1
train: 75500 texts
dev: 9437 texts
test: 9438 texts
full: 94375 texts
Training model
Train greek_rnn_no_dropout model specs: embed_size: 200, hidden_size: 300, proj_size: 150, rnn n layers: 4, share: False, dropout: 0.0
RNN(
  (embed): Embedding(35, 200)
  (scale_up): Linear(in_features=200, out_features=300, bias=True)
  (rnn): LSTM(300, 150, num_layers=4, batch_first=True, bidirectional=True)
  (out): Linear(in_features=300, out_features=200, bias=True)
  (dropout): Dropout(p=0.0, inplace=False)
)
total parameter count = 2,287,000
Mask type: random - once
Training data read in with 75500 lines
Masking strategy is once, masking sentences...
Masking complete
train=75,500 23,076,445 27,487,047 1.2 dev=9,437 2,855,816 3,504,824 1.2 bs=1 lr=0.0003 [200, 300, 150, 4, False, 0.0, 0.15, 35]
0 tr loss   0.1862   0.1563 -- dev loss   0.3175   0.2587 -- incremental_batch_size:    1 time elapsed: 3168.8
dev masked total: 293714, correct predictions: 48577, simple accuracy: 0.165
1 tr loss   0.1401   0.1176 -- dev loss   0.3074   0.2505 -- incremental_batch_size:    1 time elapsed: 6303.1
dev masked total: 293714, correct predictions: 54973, simple accuracy: 0.187
2 tr loss   0.1212   0.1018 -- dev loss   0.2971   0.2421 -- incremental_batch_size:    2 time elapsed: 9390.4
dev masked total: 293714, correct predictions: 60617, simple accuracy: 0.206
3 tr loss   0.1100   0.0923 -- dev loss   0.2982   0.2429 -- incremental_batch_size:    3 time elapsed: 12714.4
early exit
masked total: 293714, correct predictions: 66369, simple accuracy: 0.226, mismatch: 0
File test.json read in with 9330 texts
66590 reconstructed lacunae read in accross 6172 texts
Test Reconstructed:
masked total: 294615, correct predictions: 67157, simple accuracy: 0.228, mismatch: 0
Most Common Char Baseline; dev masked total: 294615, correct predictions: 36244, baseline accuracy: 0.123
Random Baseline; dev masked total: 294615, correct predictions: 6936, baseline accuracy: 0.024
Trigram Baseline; dev masked total: 294615, correct predictions: 27980, baseline accuracy: 0.095
end generator -- 2024-11-20 01:14:59.272805


