start greek data processing -- 2025-01-17 16:06:44.636629
Files found: 1
train: 75500 texts
dev: 9437 texts
test: 9438 texts
full: 94375 texts
Training model
Train greek_rnn_no_dropout model specs: embed_size: 300, hidden_size: 300, proj_size: 150, rnn n layers: 4, share: False, dropout: 0.0
RNN(
  (embed): Embedding(35, 300)
  (scale_up): Linear(in_features=300, out_features=300, bias=True)
  (rnn): LSTM(300, 150, num_layers=4, batch_first=True, bidirectional=True)
  (out): Linear(in_features=300, out_features=300, bias=True)
  (dropout): Dropout(p=0.0, inplace=False)
)
total parameter count = 2,350,500
Mask type: random - once
Training data read in with 75500 lines
Masking strategy is once, masking sentences...
Masking complete
train=75,500 22,894,357 27,280,175 1.2 dev=9,437 2,969,932 3,644,210 1.2 bs=1 lr=0.0003 [300, 300, 150, 4, False, 0.0, 0.15, 35]
0 tr loss   0.1877   0.1575 -- dev loss   0.3191   0.2601 -- incremental_batch_size:    1 time elapsed: 3038.2
dev masked total: 307015, correct predictions: 51710, simple accuracy: 0.168
1 tr loss   0.1396   0.1172 -- dev loss   0.3169   0.2583 -- incremental_batch_size:    1 time elapsed: 6060.9
dev masked total: 307015, correct predictions: 52464, simple accuracy: 0.171
2 tr loss   0.1209   0.1015 -- dev loss   0.3130   0.2551 -- incremental_batch_size:    2 time elapsed: 9058.3
dev masked total: 307015, correct predictions: 63489, simple accuracy: 0.207
3 tr loss   0.1097   0.0920 -- dev loss   0.2972   0.2422 -- incremental_batch_size:    3 time elapsed: 12053.3
dev masked total: 307015, correct predictions: 71098, simple accuracy: 0.232
4 tr loss   0.1015   0.0852 -- dev loss   0.2965   0.2416 -- incremental_batch_size:    4 time elapsed: 14995.2
dev masked total: 307015, correct predictions: 65528, simple accuracy: 0.213
5 tr loss   0.0949   0.0797 -- dev loss   0.3074   0.2505 -- incremental_batch_size:    5 time elapsed: 17929.4
early exit
masked total: 307015, correct predictions: 63641, simple accuracy: 0.207, mismatch: 0
File test.json read in with 9323 texts
68850 reconstructed lacunae read in accross 6106 texts
