2025-07-23 02:28:57,213 | INFO     | 0080 | start greek data processing -- 2025-07-23 02:28:57.213364
2025-07-23 02:28:57,216 | INFO     | 0098 | Now partitioning data
2025-07-23 02:28:57,217 | INFO     | 0099 | 1 json file(s) found: 
2025-07-23 02:28:57,217 | INFO     | 0101 | /home/acmayo/Corpora/Lacuna/maat-1.0.0+beta.json
2025-07-23 02:29:10,710 | INFO     | 0036 | Lines read in from json files by greek_char_data.read_datafiles: 177960
2025-07-23 02:29:21,327 | INFO     | 0054 | n of training texts is 94375
2025-07-23 02:29:22,374 | INFO     | 0083 | greek_char_data.read_datafiles has partitioned data
2025-07-23 02:29:22,374 | INFO     | 0084 | train_data has 75500 entries
2025-07-23 02:29:22,374 | INFO     | 0085 | dev_data has 9437 entries
2025-07-23 02:29:22,374 | INFO     | 0086 | test_data has 9438 entries
2025-07-23 02:29:22,634 | INFO     | 0112 | train: 75500 texts
2025-07-23 02:29:22,635 | INFO     | 0113 | dev: 9437 texts
2025-07-23 02:29:22,635 | INFO     | 0114 | test: 9438 texts
2025-07-23 02:29:22,635 | INFO     | 0115 | full: 94375 texts
2025-07-23 02:29:25,556 | INFO     | 0194 | Training model
2025-07-23 02:29:25,556 | INFO     | 0196 | Train greek_rnn_no_dropout model specs: embed_size: 300, hidden_size: 300, proj_size: 150, rnn n layers: 4, share: False, dropout: 0.0
2025-07-23 02:29:25,877 | INFO     | 0216 | RNN(
  (embed): Embedding(35, 300)
  (scale_up): Linear(in_features=300, out_features=300, bias=True)
  (rnn): LSTM(300, 150, num_layers=4, batch_first=True, bidirectional=True)
  (out): Linear(in_features=300, out_features=300, bias=True)
  (dropout): Dropout(p=0.0, inplace=False)
)
2025-07-23 02:29:25,877 | INFO     | 0162 | total parameter count = 2,350,500
2025-07-23 02:30:21,825 | INFO     | 0238 | Now training LSTM
2025-07-23 02:30:21,826 | INFO     | 0205 | Mask type: random - once
2025-07-23 02:30:21,826 | INFO     | 0206 | Training data read in with 75500 lines
2025-07-23 02:30:21,826 | INFO     | 0212 | Masking strategy is once, masking sentences...
2025-07-23 02:30:53,149 | INFO     | 0218 | Masking complete
2025-07-23 03:33:30,534 | INFO     | 0223 | train=75,500 23,007,539 27,416,340 1.2 dev=9,437 2,895,734 3,549,133 1.2 bs=1 lr=0.0003 [300, 300, 150, 4, False, 0.0, 0.15, 35]
2025-07-23 03:33:30,535 | INFO     | 0231 | 0 tr loss   0.1862   0.1563 -- dev loss   0.3192   0.2604 -- incremental_batch_size:    1 time elapsed: 3753.5
2025-07-23 03:33:30,536 | INFO     | 0247 | dev masked total: 307871, correct predictions: 52020, simple accuracy: 0.169
2025-07-23 04:36:24,648 | INFO     | 0231 | 1 tr loss   0.1404   0.1179 -- dev loss   0.3321   0.2709 -- incremental_batch_size:    1 time elapsed: 7527.6
2025-07-23 04:36:24,650 | INFO     | 0241 | early exit
2025-07-23 04:40:45,256 | INFO     | 0332 | masked total: 307871, correct predictions: 56324, simple accuracy: 0.183, mismatch: 0
